proguard-project.txt
# To enable ProGuard in your project, edit project.properties
# to define the proguard.config property as described in that file.
#
# Add project specific ProGuard rules here.
# By default, the flags in this file are appended to flags specified
# in ${sdk.dir}/tools/proguard/proguard-android.txt
# You can edit the include path and order by changing the ProGuard
# include property in project.properties.
#
# For more details, see
#   http://developer.android.com/guide/developing/tools/proguard.html

# Add any project specific keep options here:

# If your project uses WebView with JS, uncomment the following
# and specify the fully qualified class name to the JavaScript interface
# class:
#-keepclassmembers class fqcn.of.javascript.interface.for.webview {
#   public *;
#}

-keepattributes *Annotation*,Exceptions,Signature,SourceFile,LineNumberTable,InnerClass

##### Android #####

-optimizationpasses 5
-dontusemixedcaseclassnames
-dontpreverify
-verbose
-repackageclasses ''
-allowaccessmodification
-optimizations !code/simplification/arithmetic,!field/*,!class/merging/*

-keep public class * extends android.app.Activity
-keep public class * extends android.app.Application
-keep public class * extends android.app.Service
-keep public class * extends android.content.BroadcastReceiver
-keep public class * extends android.content.ContentProvider
-keep public class com.android.vending.licensing.ILicensingService

-keep public class * extends android.view.View {
    public <init>(android.content.Context);
    public <init>(android.content.Context, android.util.AttributeSet);
    public <init>(android.content.Context, android.util.AttributeSet, int);
    public void set*(...);
}

-keepclasseswithmembers class * {
    public <init>(android.content.Context, android.util.AttributeSet);
}

-keepclasseswithmembers class * {
    public <init>(android.content.Context, android.util.AttributeSet, int);
}

-keepclassmembers class * extends android.content.Context {
   public void *(android.view.View);
   public void *(android.view.MenuItem);
}

-keepclassmembers class * implements android.os.Parcelable {
    static ** CREATOR;
}

-keepclassmembers class **.R$* {
    public static <fields>;
}

-keepclassmembers class * {
    @android.webkit.JavascriptInterface <methods>;
}

-keepclasseswithmembernames class * {
    native <methods>;
}

##### Serializable Object #####

-keepnames class * implements java.io.Serializable

-keepclassmembers class * implements java.io.Serializable {
    static final long serialVersionUID;
    private static final java.io.ObjectStreamField[] serialPersistentFields;
    !static !transient <fields>;
    !private <fields>;
    !private <methods>;
    private void writeObject(java.io.ObjectOutputStream);
    private void readObject(java.io.ObjectInputStream);
    java.lang.Object writeReplace();
    java.lang.Object readResolve();
}

##### Enum #####

-keepclassmembers enum * {
    public static **[] values();
    public static ** valueOf(java.lang.String);
}

##### Libraries #####

-keep class twitter4j.** { *; }
-keep class inujini_.hatate.sqlite.helper.* { *; }
-keep class inujini_.sqlite.meta.* { *; }
-keep class inujini_.sqlite.annotation.* { *; }
-keep @inujini_.sqlite.meta.annotation.** class * { *; }
-keep class * implements @inujini_.sqlite.meta.annotation.SqliteTable *
-keepclassmembers class * {
    @inujini_.sqlite.meta.annotation.SqliteField *;
}

##### don't warn #####
-dontwarn inujini_.sqlite.meta.factory.PropertyFactory
-dontwarn twitter4j.management.*
-dontwarn twitter4j.*Logger*
-dontwarn twitter4j.TwitterAPIMonitor
-dontwarn lombok.ConfigurationKeys*