proguard/seeds.txt
inujini_.hatate.LicenseActivity
inujini_.hatate.LicenseActivity: LicenseActivity()
inujini_.hatate.MainActivity
inujini_.hatate.MainActivity: MainActivity()
inujini_.hatate.OauthActivity
inujini_.hatate.OauthActivity: OauthActivity()
inujini_.hatate.R$array: int LightColorList
inujini_.hatate.R$array: int LightColorValues
inujini_.hatate.R$attr: int defualt_hour
inujini_.hatate.R$attr: int defualt_minute
inujini_.hatate.R$attr: int key_hour
inujini_.hatate.R$attr: int key_minute
inujini_.hatate.R$attr: int max
inujini_.hatate.R$attr: int type
inujini_.hatate.R$drawable: int ic_launcher
inujini_.hatate.R$id: int alarm
inujini_.hatate.R$id: int imgIcon
inujini_.hatate.R$id: int music
inujini_.hatate.R$id: int notification
inujini_.hatate.R$id: int ring
inujini_.hatate.R$id: int seekbar
inujini_.hatate.R$id: int skbVolume
inujini_.hatate.R$id: int system
inujini_.hatate.R$id: int txvCuttentVolume
inujini_.hatate.R$id: int txvMaxVolume
inujini_.hatate.R$id: int txvMinVolume
inujini_.hatate.R$id: int txvSummary
inujini_.hatate.R$id: int txvTitle
inujini_.hatate.R$id: int txvValue
inujini_.hatate.R$id: int voice
inujini_.hatate.R$layout: int activity_licence
inujini_.hatate.R$layout: int datepicker_dialog
inujini_.hatate.R$layout: int seekbar_preference
inujini_.hatate.R$layout: int volume_preference
inujini_.hatate.R$raw: int ugu
inujini_.hatate.R$string: int app_name
inujini_.hatate.R$string: int callback
inujini_.hatate.R$string: int consumer_key
inujini_.hatate.R$string: int consumer_secret
inujini_.hatate.R$string: int hash
inujini_.hatate.R$string: int houkoku1
inujini_.hatate.R$string: int houkoku2
inujini_.hatate.R$string: int houkoku3
inujini_.hatate.R$string: int houkoku4
inujini_.hatate.R$string: int ugu
inujini_.hatate.R$style: int AppBaseTheme
inujini_.hatate.R$style: int AppTheme
inujini_.hatate.R$styleable: int[] SeekBarPreference
inujini_.hatate.R$styleable: int SeekBarPreference_android_defaultValue
inujini_.hatate.R$styleable: int SeekBarPreference_max
inujini_.hatate.R$styleable: int[] TimePickerPreference
inujini_.hatate.R$styleable: int TimePickerPreference_defualt_hour
inujini_.hatate.R$styleable: int TimePickerPreference_defualt_minute
inujini_.hatate.R$styleable: int TimePickerPreference_key_hour
inujini_.hatate.R$styleable: int TimePickerPreference_key_minute
inujini_.hatate.R$styleable: int[] VolumePreference
inujini_.hatate.R$styleable: int VolumePreference_type
inujini_.hatate.R$xml: int main
inujini_.hatate.R$xml: int voice_setting
inujini_.hatate.VoiceSettingActivity
inujini_.hatate.VoiceSettingActivity: VoiceSettingActivity()
inujini_.hatate.data.TwitterAccount
inujini_.hatate.data.TwitterAccount: long serialVersionUID
inujini_.hatate.data.TwitterAccount: java.lang.String accessToken
inujini_.hatate.data.TwitterAccount: java.lang.String accessSecret
inujini_.hatate.data.TwitterAccount: long userId
inujini_.hatate.data.TwitterAccount: java.lang.String screenName
inujini_.hatate.data.TwitterAccount: boolean isUse
inujini_.hatate.data.TwitterAccount: java.lang.String getAccessToken()
inujini_.hatate.data.TwitterAccount: java.lang.String getAccessSecret()
inujini_.hatate.data.TwitterAccount: long getUserId()
inujini_.hatate.data.TwitterAccount: java.lang.String getScreenName()
inujini_.hatate.data.TwitterAccount: boolean isUse()
inujini_.hatate.data.TwitterAccount: void setAccessToken(java.lang.String)
inujini_.hatate.data.TwitterAccount: void setAccessSecret(java.lang.String)
inujini_.hatate.data.TwitterAccount: void setUserId(long)
inujini_.hatate.data.TwitterAccount: void setScreenName(java.lang.String)
inujini_.hatate.data.TwitterAccount: void setUse(boolean)
inujini_.hatate.data.TwitterAccount: boolean equals(java.lang.Object)
inujini_.hatate.data.TwitterAccount: boolean canEqual(java.lang.Object)
inujini_.hatate.data.TwitterAccount: int hashCode()
inujini_.hatate.data.TwitterAccount: java.lang.String toString()
inujini_.hatate.data.TwitterAccount: TwitterAccount()
...
inujini_.sqlite.helper.ColumnValuePair
inujini_.sqlite.helper.ColumnValuePair: inujini_.sqlite.meta.ColumnProperty column
inujini_.sqlite.helper.ColumnValuePair: java.lang.String value
inujini_.sqlite.helper.ColumnValuePair: ColumnValuePair(inujini_.sqlite.meta.ColumnProperty,java.lang.String)
inujini_.sqlite.helper.ColumnValuePair: ColumnValuePair(inujini_.sqlite.meta.ColumnProperty,int)
inujini_.sqlite.helper.ColumnValuePair: ColumnValuePair(inujini_.sqlite.meta.ColumnProperty,long)
inujini_.sqlite.helper.ColumnValuePair: ColumnValuePair(inujini_.sqlite.meta.ColumnProperty,boolean)
inujini_.sqlite.helper.ColumnValuePair: inujini_.sqlite.meta.ColumnProperty getColumn()
inujini_.sqlite.helper.ColumnValuePair: java.lang.String getValue()
inujini_.sqlite.helper.QueryBuilder
inujini_.sqlite.helper.QueryBuilder: java.lang.StringBuilder _query
inujini_.sqlite.helper.QueryBuilder: QueryBuilder()
inujini_.sqlite.helper.QueryBuilder: inujini_.sqlite.helper.QueryBuilder select(inujini_.sqlite.meta.ColumnProperty[])
inujini_.sqlite.helper.QueryBuilder: inujini_.sqlite.helper.QueryBuilder selectAll()
inujini_.sqlite.helper.QueryBuilder: inujini_.sqlite.helper.QueryBuilder$UpdateQuery update(java.lang.String)
inujini_.sqlite.helper.QueryBuilder: inujini_.sqlite.helper.QueryBuilder$WhereQuery delete(java.lang.String)
inujini_.sqlite.helper.QueryBuilder: inujini_.sqlite.helper.QueryBuilder insert(java.lang.String,inujini_.sqlite.helper.ColumnValuePair[])
inujini_.sqlite.helper.QueryBuilder: inujini_.sqlite.helper.QueryBuilder from(java.lang.String)
inujini_.sqlite.helper.QueryBuilder: inujini_.sqlite.helper.QueryBuilder limit(int)
inujini_.sqlite.helper.QueryBuilder: inujini_.sqlite.helper.QueryBuilder offset(int)
inujini_.sqlite.helper.QueryBuilder: inujini_.sqlite.helper.QueryBuilder orderByAsc(inujini_.sqlite.meta.ColumnProperty[])
inujini_.sqlite.helper.QueryBuilder: inujini_.sqlite.helper.QueryBuilder orderByDesc(inujini_.sqlite.meta.ColumnProperty[])
inujini_.sqlite.helper.QueryBuilder: inujini_.sqlite.helper.QueryBuilder$WhereQuery where()
inujini_.sqlite.helper.QueryBuilder: inujini_.sqlite.helper.QueryBuilder append(inujini_.sqlite.meta.ColumnProperty)
inujini_.sqlite.helper.QueryBuilder$UpdateQuery
inujini_.sqlite.helper.QueryBuilder$UpdateQuery: inujini_.sqlite.helper.QueryBuilder _qb
inujini_.sqlite.helper.QueryBuilder$UpdateQuery: boolean isSet
inujini_.sqlite.helper.QueryBuilder$UpdateQuery: QueryBuilder$UpdateQuery(inujini_.sqlite.helper.QueryBuilder)
inujini_.sqlite.helper.QueryBuilder$UpdateQuery: inujini_.sqlite.helper.QueryBuilder$UpdateQuery set(inujini_.sqlite.meta.ColumnProperty,java.lang.String)
inujini_.sqlite.helper.QueryBuilder$UpdateQuery: inujini_.sqlite.helper.QueryBuilder$UpdateQuery set(inujini_.sqlite.meta.ColumnProperty,int)
inujini_.sqlite.helper.QueryBuilder$UpdateQuery: inujini_.sqlite.helper.QueryBuilder$UpdateQuery set(inujini_.sqlite.meta.ColumnProperty,long)
inujini_.sqlite.helper.QueryBuilder$UpdateQuery: inujini_.sqlite.helper.QueryBuilder$UpdateQuery set(inujini_.sqlite.meta.ColumnProperty,boolean)
inujini_.sqlite.helper.QueryBuilder$UpdateQuery: inujini_.sqlite.helper.QueryBuilder$UpdateQuery set(inujini_.sqlite.helper.ColumnValuePair[])
inujini_.sqlite.helper.QueryBuilder$UpdateQuery: inujini_.sqlite.helper.QueryBuilder$WhereQuery where()
inujini_.sqlite.helper.QueryBuilder$UpdateQuery: java.lang.String toString()