proguard/mapping.txt
inujini_.hatate.LicenseActivity -> inujini_.hatate.LicenseActivity:
    10:12:void onCreate(android.os.Bundle) -> onCreate
inujini_.hatate.MainActivity -> inujini_.hatate.MainActivity:
    34:141:void onCreate(android.os.Bundle) -> onCreate
    145:148:boolean onKeyDown(int,android.view.KeyEvent) -> onKeyDown
    153:156:void onRestart() -> onRestart
inujini_.hatate.MainActivity$1 -> gs:
    inujini_.hatate.MainActivity this$0 -> a
    45:48:void onTimeChanged(android.widget.TimePicker,int,int) -> onTimeChanged
inujini_.hatate.MainActivity$2 -> gt:
    inujini_.hatate.MainActivity this$0 -> a
    54:57:boolean onPreferenceClick(android.preference.Preference) -> onPreferenceClick
inujini_.hatate.MainActivity$3 -> gu:
    inujini_.hatate.MainActivity this$0 -> a
    64:65:boolean onPreferenceClick(android.preference.Preference) -> onPreferenceClick
inujini_.hatate.MainActivity$4 -> gv:
    inujini_.hatate.MainActivity this$0 -> a
    72:101:boolean onPreferenceClick(android.preference.Preference) -> onPreferenceClick
    69:69:inujini_.hatate.MainActivity access$0(inujini_.hatate.MainActivity$4) -> a
inujini_.hatate.MainActivity$4$1 -> gw:
    inujini_.hatate.MainActivity$4 this$1 -> a
    80:86:void onClick(android.content.DialogInterface,int) -> onClick
inujini_.hatate.MainActivity$4$2 -> gx:
    inujini_.hatate.MainActivity$4 this$1 -> a
    90:91:void onClick(android.content.DialogInterface,int) -> onClick
inujini_.hatate.MainActivity$5 -> gy:
    inujini_.hatate.MainActivity this$0 -> a
    111:113:boolean onPreferenceChange(android.preference.Preference,java.lang.Object) -> onPreferenceChange
inujini_.hatate.MainActivity$6 -> gz:
    inujini_.hatate.MainActivity this$0 -> a
    124:127:boolean validation(java.lang.String) -> a
inujini_.hatate.MainActivity$7 -> ha:
    inujini_.hatate.MainActivity this$0 -> a
    133:135:boolean onPreferenceChange(android.preference.Preference,java.lang.Object) -> onPreferenceChange
inujini_.hatate.OauthActivity -> inujini_.hatate.OauthActivity:
    twitter4j.auth.OAuthAuthorization _oauth -> a
    28:88:void onCreate(android.os.Bundle) -> onCreate
    92:140:void onNewIntent(android.content.Intent) -> onNewIntent
    24:24:twitter4j.auth.OAuthAuthorization access$0(inujini_.hatate.OauthActivity) -> a
inujini_.hatate.OauthActivity$1 -> hb:
    inujini_.hatate.OauthActivity this$0 -> a
    53:59:java.lang.String call(java.lang.String) -> a
    1:1:java.lang.Object call(java.lang.Object) -> call
inujini_.hatate.OauthActivity$2 -> hc:
    inujini_.hatate.OauthActivity this$0 -> a
    android.app.ProgressDialog val$prog -> b
    64:65:void call() -> a
inujini_.hatate.OauthActivity$3 -> hd:
    inujini_.hatate.OauthActivity this$0 -> a
    android.app.ProgressDialog val$prog -> b
    69:75:void call(java.lang.String) -> a
    1:1:void call(java.lang.Object) -> call
inujini_.hatate.OauthActivity$4 -> he:
    inujini_.hatate.OauthActivity this$0 -> a
    android.app.ProgressDialog val$prog -> b
    79:86:void call(java.lang.Exception) -> a
    1:1:void call(java.lang.Object) -> call
inujini_.hatate.OauthActivity$5 -> hf:
    inujini_.hatate.OauthActivity this$0 -> a
    101:120:java.lang.Void call(android.net.Uri) -> a
    1:1:java.lang.Object call(java.lang.Object) -> call
inujini_.hatate.OauthActivity$6 -> hg:
    inujini_.hatate.OauthActivity this$0 -> a
    125:129:void call(java.lang.Void) -> a
    1:1:void call(java.lang.Object) -> call
inujini_.hatate.OauthActivity$7 -> hh:
    inujini_.hatate.OauthActivity this$0 -> a
    133:136:void call(java.lang.Exception) -> a
    1:1:void call(java.lang.Object) -> call
inujini_.hatate.R -> hi:
...
android.support.v4.widget.DrawerLayout$DrawerListener -> ez:
    void onDrawerSlide(android.view.View,float) -> a
    void onDrawerOpened(android.view.View) -> a
    void onDrawerClosed(android.view.View) -> b
    void onDrawerStateChanged(int) -> a
android.support.v4.widget.DrawerLayout$LayoutParams -> android.support.v4.widget.DrawerLayout$LayoutParams:
    int gravity -> a
    float onScreen -> b
    boolean isPeeking -> c
    boolean knownOpen -> d
android.support.v4.widget.DrawerLayout$SavedState -> android.support.v4.widget.DrawerLayout$SavedState:
    int openDrawerGravity -> a
    int lockModeLeft -> b
    int lockModeRight -> c
    android.os.Parcelable$Creator CREATOR -> CREATOR
    1358:1360:void writeToParcel(android.os.Parcel,int) -> writeToParcel
android.support.v4.widget.DrawerLayout$SavedState$1 -> fa:
    1366:1366:android.support.v4.widget.DrawerLayout$SavedState createFromParcel(android.os.Parcel) -> a
    1371:1371:android.support.v4.widget.DrawerLayout$SavedState[] newArray(int) -> a
    1363:1363:java.lang.Object[] newArray(int) -> newArray
    1363:1363:java.lang.Object createFromParcel(android.os.Parcel) -> createFromParcel
android.support.v4.widget.DrawerLayout$ViewDragCallback -> fb:
    int mAbsGravity -> b
    android.support.v4.widget.ViewDragHelper mDragger -> c
    java.lang.Runnable mPeekRunnable -> d
    android.support.v4.widget.DrawerLayout this$0 -> a
    1391:1392:void setDragger(android.support.v4.widget.ViewDragHelper) -> a
    1395:1396:void removeCallbacks() -> a
    1402:1402:boolean tryCaptureView(android.view.View,int) -> a
    1408:1409:void onViewDragStateChanged(int) -> a
    1414:1426:void onViewPositionChanged(android.view.View,int,int,int,int) -> a
    1430:1434:void onViewCaptured(android.view.View,int) -> b
    1437:1442:void closeOtherDrawer() -> b
    1448:1461:void onViewReleased(android.view.View,float,float) -> a
    1465:1466:void onEdgeTouched(int,int) -> a
    1471:1493:void peekDrawer() -> c
    1504:1504:boolean onEdgeLock(int) -> b
    1510:1519:void onEdgeDragStarted(int,int) -> b
    1523:1523:int getViewHorizontalDragRange(android.view.View) -> a
    1528:1532:int clampViewPositionHorizontal(android.view.View,int,int) -> a
    1538:1538:int clampViewPositionVertical(android.view.View,int,int) -> b
    1376:1376:void access$000(android.support.v4.widget.DrawerLayout$ViewDragCallback) -> a
android.support.v4.widget.DrawerLayout$ViewDragCallback$1 -> fc:
    android.support.v4.widget.DrawerLayout$ViewDragCallback this$1 -> a
    1382:1383:void run() -> run
android.support.v4.widget.EdgeEffectCompat -> fd:
    java.lang.Object mEdgeEffect -> a
    android.support.v4.widget.EdgeEffectCompat$EdgeEffectImpl IMPL -> b
    143:144:void setSize(int,int) -> a
    154:154:boolean isFinished() -> a
    162:163:void finish() -> b
    177:177:boolean onPull(float) -> a
    189:189:boolean onRelease() -> c
    218:218:boolean draw(android.graphics.Canvas) -> a
android.support.v4.widget.EdgeEffectCompat$BaseEdgeEffectImpl -> fe:
    60:60:java.lang.Object newEdgeEffect(android.content.Context) -> a
    64:64:void setSize(java.lang.Object,int,int) -> a
    67:67:boolean isFinished(java.lang.Object) -> a
    71:71:void finish(java.lang.Object) -> b
    74:74:boolean onPull(java.lang.Object,float) -> a
    78:78:boolean onRelease(java.lang.Object) -> c
    86:86:boolean draw(java.lang.Object,android.graphics.Canvas) -> a
android.support.v4.widget.EdgeEffectCompat$EdgeEffectIcsImpl -> ff:
    92:92:java.lang.Object newEdgeEffect(android.content.Context) -> a
    96:97:void setSize(java.lang.Object,int,int) -> a
    100:100:boolean isFinished(java.lang.Object) -> a
    104:105:void finish(java.lang.Object) -> b
    108:108:boolean onPull(java.lang.Object,float) -> a
    112:112:boolean onRelease(java.lang.Object) -> c
    120:120:boolean draw(java.lang.Object,android.graphics.Canvas) -> a