proguard/usage.txt
inujini_.hatate.BuildConfig
inujini_.hatate.R:
    10:10:public R()
inujini_.hatate.R$array
inujini_.hatate.R$attr
inujini_.hatate.R$drawable
inujini_.hatate.R$id
inujini_.hatate.R$layout
inujini_.hatate.R$raw
inujini_.hatate.R$string
inujini_.hatate.R$style
inujini_.hatate.R$styleable:
    140:140:public R$styleable()
inujini_.hatate.R$xml
inujini_.hatate.data.meta.MetaAccount:
    public static final java.lang.String TBL_NAME
    8:8:public MetaAccount()
    25:25:public static boolean hasPrimaryId()
inujini_.hatate.preference.SeekBarPreference:
    26:26:public int getMax()
    27:27:public int getCurrentValue()
inujini_.hatate.preference.VolumePreference:
    86:94:public void setVolumeType(int)
    19:19:public int getVolumeType()
inujini_.hatate.reactive.ReactiveAsyncTask:
    58:60:public inujini_.hatate.reactive.ReactiveAsyncTask setOnProgress(inujini_.function.Function$Func,inujini_.function.Function$Action1)
    123:123:public boolean isCanceled()
    127:128:public void setCanceled(boolean)
inujini_.hatate.service.Houtyou:
    public static final java.lang.String KEY_KILL
    public static final java.lang.String KEY_KILL_COUNT
    public static final java.lang.String KEY_IS_PREVIEW
inujini_.hatate.service.Kill:
    public static final java.lang.String ACTION_KILL
inujini_.hatate.sqlite.DatabaseHelper:
    private static final int DB_VERSION
    private static final java.lang.String DB_NAME
    public static final java.lang.String KEY_OPEN_DB
    public static final java.lang.String KEY_IS_OPENED
inujini_.hatate.twitter.TwitterAccountDao:
    22:22:public TwitterAccountDao()
inujini_.hatate.util.PrefGetter:
    7:7:public PrefGetter()
inujini_.hatate.util.Util:
    18:18:public Util()
...
android.support.v4.app.NotificationCompatIceCreamSandwich:
    25:25:NotificationCompatIceCreamSandwich()
android.support.v4.app.ServiceCompat
android.support.v4.app.ShareCompat
android.support.v4.app.ShareCompat$IntentBuilder
android.support.v4.app.ShareCompat$IntentReader
android.support.v4.app.ShareCompat$ShareCompatImpl
android.support.v4.app.ShareCompat$ShareCompatImplBase
android.support.v4.app.ShareCompat$ShareCompatImplICS
android.support.v4.app.ShareCompat$ShareCompatImplJB
android.support.v4.app.ShareCompatICS
android.support.v4.app.ShareCompatJB
android.support.v4.app.TaskStackBuilder
android.support.v4.app.TaskStackBuilder$SupportParentable
android.support.v4.app.TaskStackBuilder$TaskStackBuilderImpl
android.support.v4.app.TaskStackBuilder$TaskStackBuilderImplBase
android.support.v4.app.TaskStackBuilder$TaskStackBuilderImplHoneycomb
android.support.v4.app.TaskStackBuilder$TaskStackBuilderImplJellybean
android.support.v4.app.TaskStackBuilderHoneycomb
android.support.v4.app.TaskStackBuilderJellybean
android.support.v4.content.AsyncTaskLoader
android.support.v4.content.AsyncTaskLoader$LoadTask
android.support.v4.content.ContextCompat
android.support.v4.content.ContextCompatFroyo
android.support.v4.content.ContextCompatHoneycomb
android.support.v4.content.ContextCompatJellybean
android.support.v4.content.ContextCompatKitKat
android.support.v4.content.CursorLoader
android.support.v4.content.FileProvider:
    private static final java.lang.String META_DATA_FILE_PROVIDER_PATHS
    private static final java.lang.String TAG_ROOT_PATH
    private static final java.lang.String TAG_FILES_PATH
    private static final java.lang.String TAG_CACHE_PATH
    private static final java.lang.String TAG_EXTERNAL
    private static final java.lang.String ATTR_NAME
    private static final java.lang.String ATTR_PATH
    376:377:public static android.net.Uri getUriForFile(android.content.Context,java.lang.String,java.io.File)
android.support.v4.content.FileProvider$PathStrategy:
    public abstract android.net.Uri getUriForFile(java.io.File)
android.support.v4.content.FileProvider$SimplePathStrategy:
    662:692:public android.net.Uri getUriForFile(java.io.File)
android.support.v4.content.IntentCompat
android.support.v4.content.IntentCompat$IntentCompatImpl
android.support.v4.content.IntentCompat$IntentCompatImplBase
android.support.v4.content.IntentCompat$IntentCompatImplHC
android.support.v4.content.IntentCompat$IntentCompatImplIcsMr1
android.support.v4.content.IntentCompatHoneycomb
android.support.v4.content.IntentCompatIcsMr1
android.support.v4.content.Loader:
    android.content.Context mContext
    91:93:public Loader(android.content.Context)
    103:106:public void deliverResult(java.lang.Object)
    112:112:public android.content.Context getContext()
    119:119:public int getId()
    158:158:public boolean isStarted()
    167:167:public boolean isAbandoned()
    176:176:public boolean isReset()
    218:219:public void forceLoad()
    226:226:protected void onForceLoad()
    262:264:public void abandon()
    276:276:protected void onAbandon()
    314:317:public boolean takeContentChanged()
    328:329:public void commitContentChanged()
    339:342:public void rollbackContentChanged()
    353:361:public void onContentChanged()
android.support.v4.content.Loader$ForceLoadContentObserver
android.support.v4.content.Loader$OnLoadCompleteListener:
    public abstract void onLoadComplete(android.support.v4.content.Loader,java.lang.Object)
android.support.v4.content.LocalBroadcastManager
android.support.v4.content.LocalBroadcastManager$1
android.support.v4.content.LocalBroadcastManager$BroadcastRecord
android.support.v4.content.LocalBroadcastManager$ReceiverRecord
android.support.v4.content.ModernAsyncTask
android.support.v4.content.ModernAsyncTask$1
android.support.v4.content.ModernAsyncTask$2
android.support.v4.content.ModernAsyncTask$3
android.support.v4.content.ModernAsyncTask$4